2021-10-27 03:36:17,110 - instabot version: 0.117.0 (bot) - INFO - Instabot version: 0.117.0 Started
2021-10-27 03:36:17,111 - instabot version: 0.117.0 (bot) - DEBUG - Bot imported from C:\sid_programmer\PYTHON\All_projects\text_analysis\env\lib\site-packages\instabot\bot\bot.py
2021-10-27 03:36:17,113 - instabot version: 0.117.0 (api_login) - INFO - Not yet logged in starting: PRE-LOGIN FLOW!
2021-10-27 03:36:17,589 - instabot version: 0.117.0 (api) - DEBUG - POST to endpoint: accounts/get_prefill_candidates/ returned response: <Response [200]>
2021-10-27 03:36:17,922 - instabot version: 0.117.0 (api) - DEBUG - POST to endpoint: qe/sync/ returned response: <Response [200]>
2021-10-27 03:36:18,266 - instabot version: 0.117.0 (api) - DEBUG - POST to endpoint: launcher/sync/ returned response: <Response [200]>
2021-10-27 03:36:18,588 - instabot version: 0.117.0 (api) - DEBUG - POST to endpoint: accounts/contact_point_prefill/ returned response: <Response [200]>
2021-10-27 03:36:20,189 - instabot version: 0.117.0 (api) - DEBUG - POST to endpoint: accounts/login/ returned response: <Response [200]>
2021-10-27 03:36:20,189 - instabot version: 0.117.0 (api) - INFO - Logged-in successfully as 'avi.ral27'!
2021-10-27 03:36:20,191 - instabot version: 0.117.0 (api_login) - INFO - LOGIN FLOW! Just logged-in: True
2021-10-27 03:36:20,543 - instabot version: 0.117.0 (api) - DEBUG - POST to endpoint: qe/sync/ returned response: <Response [200]>
2021-10-27 03:36:20,878 - instabot version: 0.117.0 (api) - DEBUG - POST to endpoint: launcher/sync/ returned response: <Response [200]>
2021-10-27 03:36:21,206 - instabot version: 0.117.0 (api) - DEBUG - GET to endpoint: zr/token/result/?device_id=android-1a4cd85150776ade&token_hash=&custom_device_id=android-1a4cd85150776ade&fetch_reason=token_expired returned response: <Response [200]>
2021-10-27 03:36:21,532 - instabot version: 0.117.0 (api) - DEBUG - GET to endpoint: multiple_accounts/get_account_family/ returned response: <Response [200]>
2021-10-27 03:36:21,897 - instabot version: 0.117.0 (api) - DEBUG - POST to endpoint: qe/sync/ returned response: <Response [200]>
2021-10-27 03:36:22,451 - instabot version: 0.117.0 (api) - DEBUG - GET to endpoint: igtv/browse_feed/?prefetch=1 returned response: <Response [200]>
2021-10-27 03:36:22,775 - instabot version: 0.117.0 (api) - DEBUG - POST to endpoint: creatives/ar_class/ returned response: <Response [200]>
2021-10-27 03:36:23,194 - instabot version: 0.117.0 (api) - DEBUG - POST to endpoint: feed/reels_tray/ returned response: <Response [200]>
2021-10-27 03:36:24,370 - instabot version: 0.117.0 (api) - DEBUG - POST to endpoint: feed/timeline/ returned response: <Response [200]>
2021-10-27 03:36:24,695 - instabot version: 0.117.0 (api) - DEBUG - GET to endpoint: media/blocked/ returned response: <Response [200]>
2021-10-27 03:36:25,431 - instabot version: 0.117.0 (api) - DEBUG - GET to endpoint: news/inbox/ returned response: <Response [200]>
2021-10-27 03:36:25,776 - instabot version: 0.117.0 (api) - DEBUG - GET to endpoint: loom/fetch_config/ returned response: <Response [200]>
2021-10-27 03:36:26,217 - instabot version: 0.117.0 (api) - DEBUG - GET to endpoint: scores/bootstrap/users/?surfaces=["autocomplete_user_list","coefficient_besties_list_ranking","coefficient_rank_recipient_user_suggestion","coefficient_ios_section_test_bootstrap_ranking","coefficient_direct_recipients_ranking_variant_2"] returned response: <Response [200]>
2021-10-27 03:36:27,905 - instabot version: 0.117.0 (api) - DEBUG - GET to endpoint: business/eligibility/get_monetization_products_eligibility_data/?product_types=branded_content returned response: <Response [200]>
2021-10-27 03:36:28,224 - instabot version: 0.117.0 (api) - DEBUG - GET to endpoint: business/branded_content/should_require_professional_account/ returned response: <Response [200]>
2021-10-27 03:36:28,547 - instabot version: 0.117.0 (api) - DEBUG - GET to endpoint: linked_accounts/get_linkage_status/ returned response: <Response [200]>
2021-10-27 03:36:28,875 - instabot version: 0.117.0 (api) - DEBUG - GET to endpoint: locations/request_country/ returned response: <Response [200]>
2021-10-27 03:36:29,195 - instabot version: 0.117.0 (api) - DEBUG - GET to endpoint: qp/get_cooldowns/?signed_body=signed_body=4b9c516a5410a3bc128e09c6104a7f042146b9c2023870560c63a43a7f66781c.4&ig_sig_key_version=4&ig_sig_key_version=4 returned response: <Response [200]>
2021-10-27 03:36:29,524 - instabot version: 0.117.0 (api) - DEBUG - GET to endpoint: users/arlink_download_info/?version_override=2.2.1 returned response: <Response [200]>
2021-10-27 03:36:29,951 - instabot version: 0.117.0 (api) - DEBUG - GET to endpoint: users/49770907282/info/ returned response: <Response [200]>
2021-10-27 03:36:30,506 - instabot version: 0.117.0 (api) - DEBUG - GET to endpoint: direct_v2/get_presence/ returned response: <Response [200]>
2021-10-27 03:36:31,217 - instabot version: 0.117.0 (api) - DEBUG - GET to endpoint: direct_v2/inbox/?visual_message_return_type=unseen&thread_message_limit=10&persistentBadging=true&limit=20 returned response: <Response [200]>
2021-10-27 03:36:31,615 - instabot version: 0.117.0 (api) - DEBUG - GET to endpoint: direct_v2/inbox/?visual_message_return_type=unseen&persistentBadging=true&limit=0 returned response: <Response [200]>
2021-10-27 03:36:32,008 - instabot version: 0.117.0 (api) - DEBUG - GET to endpoint: discover/topical_explore/?is_prefetch=true&omit_cover_media=true&use_sectional_payload=true&timezone_offset=0&session_id=3ff93416-301d-4122-aa68-e6a0237a79d3&include_fixed_destinations=true returned response: <Response [200]>
2021-10-27 03:36:32,406 - instabot version: 0.117.0 (api) - DEBUG - POST to endpoint: notifications/badge/ returned response: <Response [200]>
2021-10-27 03:36:32,841 - instabot version: 0.117.0 (api) - DEBUG - POST to endpoint: qp/batch_fetch/ returned response: <Response [200]>
2021-10-27 03:36:32,842 - instabot version: 0.117.0 (bot_checkpoint) - DEBUG - Loading Checkpoint file from: C:\sid_programmer\PYTHON\All_projects\text_analysis/config/avi.ral27.checkpoint
2021-10-27 03:36:33,213 - instabot version: 0.117.0 (api) - DEBUG - GET to endpoint: users/sid86__/usernameinfo/ returned response: <Response [200]>
2021-10-27 03:36:34,039 - instabot version: 0.117.0 (api) - DEBUG - GET to endpoint: users/26969142295/info/ returned response: <Response [200]>
2021-10-27 03:36:34,806 - instabot version: 0.117.0 (api) - DEBUG - GET to endpoint: friendships/26969142295/followers/?rank_token=49770907282_0433d043-2901-472b-9353-e9ef5a8f8dbb returned response: <Response [200]>
2021-10-27 03:36:35,417 - instabot version: 0.117.0 (api) - DEBUG - GET to endpoint: friendships/26969142295/followers/?rank_token=49770907282_0433d043-2901-472b-9353-e9ef5a8f8dbb&max_id=100 returned response: <Response [200]>
2021-10-27 03:36:37,490 - instabot version: 0.117.0 (api) - DEBUG - GET to endpoint: friendships/26969142295/followers/?rank_token=49770907282_0433d043-2901-472b-9353-e9ef5a8f8dbb&max_id=200 returned response: <Response [200]>
2021-10-27 03:36:38,056 - instabot version: 0.117.0 (api) - DEBUG - GET to endpoint: friendships/26969142295/followers/?rank_token=49770907282_0433d043-2901-472b-9353-e9ef5a8f8dbb&max_id=300 returned response: <Response [200]>
2021-10-27 03:36:38,463 - instabot version: 0.117.0 (api) - DEBUG - GET to endpoint: users/45145191503/info/ returned response: <Response [200]>
2021-10-27 03:36:38,885 - instabot version: 0.117.0 (api) - DEBUG - GET to endpoint: users/38335125744/info/ returned response: <Response [200]>
2021-10-27 03:36:39,490 - instabot version: 0.117.0 (api) - DEBUG - GET to endpoint: users/45552716837/info/ returned response: <Response [200]>
2021-10-27 03:36:40,089 - instabot version: 0.117.0 (api) - DEBUG - GET to endpoint: users/47384500041/info/ returned response: <Response [200]>
2021-10-27 03:36:40,493 - instabot version: 0.117.0 (api) - DEBUG - GET to endpoint: users/47196376303/info/ returned response: <Response [200]>
2021-10-27 03:36:41,058 - instabot version: 0.117.0 (api) - DEBUG - GET to endpoint: users/40377185479/info/ returned response: <Response [200]>
2021-10-27 03:36:41,461 - instabot version: 0.117.0 (api) - DEBUG - GET to endpoint: users/40569137429/info/ returned response: <Response [200]>
2021-10-27 03:36:41,887 - instabot version: 0.117.0 (api) - DEBUG - GET to endpoint: users/39737453765/info/ returned response: <Response [200]>
2021-10-27 03:36:42,301 - instabot version: 0.117.0 (api) - DEBUG - GET to endpoint: users/45544369548/info/ returned response: <Response [200]>
2021-10-27 03:36:42,726 - instabot version: 0.117.0 (api) - DEBUG - GET to endpoint: users/40602041707/info/ returned response: <Response [200]>
2021-10-27 03:36:43,573 - instabot version: 0.117.0 (api) - DEBUG - GET to endpoint: users/39755662914/info/ returned response: <Response [200]>
2021-10-27 03:36:43,987 - instabot version: 0.117.0 (api) - DEBUG - GET to endpoint: users/39812142321/info/ returned response: <Response [200]>
2021-10-27 03:36:44,675 - instabot version: 0.117.0 (api) - DEBUG - GET to endpoint: users/39225648003/info/ returned response: <Response [200]>
2021-10-27 03:36:45,119 - instabot version: 0.117.0 (api) - DEBUG - GET to endpoint: users/39245322846/info/ returned response: <Response [200]>
2021-10-27 03:36:45,531 - instabot version: 0.117.0 (api) - DEBUG - GET to endpoint: users/40255169163/info/ returned response: <Response [200]>
2021-10-27 03:36:46,201 - instabot version: 0.117.0 (api) - DEBUG - GET to endpoint: users/39281353058/info/ returned response: <Response [200]>
2021-10-27 03:36:46,609 - instabot version: 0.117.0 (api) - DEBUG - GET to endpoint: users/40084268297/info/ returned response: <Response [200]>
2021-10-27 03:36:47,004 - instabot version: 0.117.0 (api) - DEBUG - GET to endpoint: users/7606578775/info/ returned response: <Response [200]>
2021-10-27 03:36:47,699 - instabot version: 0.117.0 (api) - DEBUG - GET to endpoint: users/39172248858/info/ returned response: <Response [200]>
2021-10-27 03:36:48,101 - instabot version: 0.117.0 (api) - DEBUG - GET to endpoint: users/32771617320/info/ returned response: <Response [200]>
2021-10-27 03:36:48,519 - instabot version: 0.117.0 (api) - DEBUG - GET to endpoint: users/39569484133/info/ returned response: <Response [200]>
2021-10-27 03:36:48,932 - instabot version: 0.117.0 (api) - DEBUG - GET to endpoint: users/29294435122/info/ returned response: <Response [200]>
2021-10-27 03:36:49,338 - instabot version: 0.117.0 (api) - DEBUG - GET to endpoint: users/39467409177/info/ returned response: <Response [200]>
2021-10-27 03:36:49,891 - instabot version: 0.117.0 (api) - DEBUG - GET to endpoint: users/47439716811/info/ returned response: <Response [200]>
2021-10-27 03:36:50,298 - instabot version: 0.117.0 (api) - DEBUG - GET to endpoint: users/39677614296/info/ returned response: <Response [200]>
2021-10-27 03:36:50,719 - instabot version: 0.117.0 (api) - DEBUG - GET to endpoint: users/40422448659/info/ returned response: <Response [200]>
2021-10-27 03:36:51,101 - instabot version: 0.117.0 (api) - DEBUG - GET to endpoint: users/40562517406/info/ returned response: <Response [200]>
2021-10-27 03:36:51,505 - instabot version: 0.117.0 (api) - DEBUG - GET to endpoint: users/41291536147/info/ returned response: <Response [200]>
2021-10-27 03:36:52,564 - instabot version: 0.117.0 (api) - DEBUG - GET to endpoint: users/39450878835/info/ returned response: <Response [200]>
2021-10-27 03:36:53,142 - instabot version: 0.117.0 (api) - DEBUG - GET to endpoint: users/40887845496/info/ returned response: <Response [200]>
2021-10-27 03:36:53,832 - instabot version: 0.117.0 (api) - DEBUG - GET to endpoint: users/31554797289/info/ returned response: <Response [200]>
2021-10-27 03:36:54,455 - instabot version: 0.117.0 (api) - DEBUG - GET to endpoint: users/39717080823/info/ returned response: <Response [200]>
2021-10-27 03:36:55,136 - instabot version: 0.117.0 (api) - DEBUG - GET to endpoint: users/47657314759/info/ returned response: <Response [200]>
2021-10-27 03:36:55,542 - instabot version: 0.117.0 (api) - DEBUG - GET to endpoint: users/40115384569/info/ returned response: <Response [200]>
2021-10-27 03:36:56,122 - instabot version: 0.117.0 (api) - DEBUG - GET to endpoint: users/40266684275/info/ returned response: <Response [200]>
2021-10-27 03:36:56,643 - instabot version: 0.117.0 (api) - DEBUG - GET to endpoint: users/39312022330/info/ returned response: <Response [200]>
2021-10-27 03:36:57,056 - instabot version: 0.117.0 (api) - DEBUG - GET to endpoint: users/47597598881/info/ returned response: <Response [200]>
2021-10-27 03:36:57,601 - instabot version: 0.117.0 (api) - DEBUG - GET to endpoint: users/47247647817/info/ returned response: <Response [200]>
2021-10-27 03:36:58,299 - instabot version: 0.117.0 (api) - DEBUG - GET to endpoint: users/39638303272/info/ returned response: <Response [200]>
2021-10-27 03:36:58,707 - instabot version: 0.117.0 (api) - DEBUG - GET to endpoint: users/39928347039/info/ returned response: <Response [200]>
2021-10-27 03:36:59,359 - instabot version: 0.117.0 (api) - DEBUG - GET to endpoint: users/37952769248/info/ returned response: <Response [200]>
2021-10-27 03:37:00,024 - instabot version: 0.117.0 (api) - DEBUG - GET to endpoint: users/38957218869/info/ returned response: <Response [200]>
2021-10-27 03:37:00,658 - instabot version: 0.117.0 (api) - DEBUG - GET to endpoint: users/16706747866/info/ returned response: <Response [200]>
2021-10-27 03:37:01,303 - instabot version: 0.117.0 (api) - DEBUG - GET to endpoint: users/38307967173/info/ returned response: <Response [200]>
2021-10-27 03:37:01,701 - instabot version: 0.117.0 (api) - DEBUG - GET to endpoint: users/7517761795/info/ returned response: <Response [200]>
2021-10-27 03:37:02,189 - instabot version: 0.117.0 (api) - DEBUG - GET to endpoint: users/37486888466/info/ returned response: <Response [200]>
2021-10-27 03:37:02,752 - instabot version: 0.117.0 (api) - DEBUG - GET to endpoint: users/39622379284/info/ returned response: <Response [200]>
2021-10-27 03:37:03,145 - instabot version: 0.117.0 (api) - DEBUG - GET to endpoint: users/36422815045/info/ returned response: <Response [200]>
2021-10-27 03:37:03,911 - instabot version: 0.117.0 (api) - DEBUG - GET to endpoint: users/40081890830/info/ returned response: <Response [200]>
2021-10-27 03:37:04,630 - instabot version: 0.117.0 (api) - DEBUG - GET to endpoint: users/39693875959/info/ returned response: <Response [200]>
2021-10-27 03:37:05,032 - instabot version: 0.117.0 (api) - DEBUG - GET to endpoint: users/33546010452/info/ returned response: <Response [200]>
2021-10-27 03:37:05,562 - instabot version: 0.117.0 (api) - DEBUG - GET to endpoint: users/5714836384/info/ returned response: <Response [200]>
2021-10-27 03:37:06,463 - instabot version: 0.117.0 (api) - DEBUG - GET to endpoint: users/7548047432/info/ returned response: <Response [200]>
2021-10-27 03:37:07,267 - instabot version: 0.117.0 (api) - DEBUG - GET to endpoint: users/8310678431/info/ returned response: <Response [200]>
2021-10-27 03:37:07,671 - instabot version: 0.117.0 (api) - DEBUG - GET to endpoint: users/19701838957/info/ returned response: <Response [200]>
2021-10-27 03:37:08,652 - instabot version: 0.117.0 (api) - DEBUG - GET to endpoint: users/8282340773/info/ returned response: <Response [200]>
2021-10-27 03:37:09,511 - instabot version: 0.117.0 (api) - DEBUG - GET to endpoint: users/22968778697/info/ returned response: <Response [200]>
2021-10-27 03:37:10,825 - instabot version: 0.117.0 (api) - DEBUG - GET to endpoint: users/7223563462/info/ returned response: <Response [200]>
2021-10-27 03:37:12,143 - instabot version: 0.117.0 (api) - DEBUG - GET to endpoint: users/13952770495/info/ returned response: <Response [200]>
2021-10-27 03:37:13,578 - instabot version: 0.117.0 (api) - DEBUG - GET to endpoint: users/10651562951/info/ returned response: <Response [200]>
2021-10-27 03:37:14,133 - instabot version: 0.117.0 (api) - DEBUG - GET to endpoint: users/5674518655/info/ returned response: <Response [200]>
2021-10-27 03:37:15,389 - instabot version: 0.117.0 (api) - DEBUG - GET to endpoint: users/11932904856/info/ returned response: <Response [200]>
2021-10-27 03:37:15,820 - instabot version: 0.117.0 (api) - DEBUG - GET to endpoint: users/22229554889/info/ returned response: <Response [200]>
2021-10-27 03:37:16,735 - instabot version: 0.117.0 (api) - DEBUG - GET to endpoint: users/6268067513/info/ returned response: <Response [200]>
2021-10-27 03:37:17,596 - instabot version: 0.117.0 (api) - DEBUG - GET to endpoint: users/5823189663/info/ returned response: <Response [200]>
2021-10-27 03:37:18,515 - instabot version: 0.117.0 (api) - DEBUG - GET to endpoint: users/7573523868/info/ returned response: <Response [200]>
2021-10-27 03:37:19,028 - instabot version: 0.117.0 (api) - DEBUG - GET to endpoint: users/29105991583/info/ returned response: <Response [200]>
2021-10-27 03:37:19,748 - instabot version: 0.117.0 (api) - DEBUG - GET to endpoint: users/11813183999/info/ returned response: <Response [200]>
2021-10-27 03:37:20,186 - instabot version: 0.117.0 (api) - DEBUG - GET to endpoint: users/5325615618/info/ returned response: <Response [200]>
2021-10-27 03:37:21,586 - instabot version: 0.117.0 (api) - DEBUG - GET to endpoint: users/6569693074/info/ returned response: <Response [200]>
2021-10-27 03:37:22,293 - instabot version: 0.117.0 (api) - DEBUG - GET to endpoint: users/12325644736/info/ returned response: <Response [200]>
2021-10-27 03:37:22,711 - instabot version: 0.117.0 (api) - DEBUG - GET to endpoint: users/4036878333/info/ returned response: <Response [200]>
2021-10-27 03:37:23,302 - instabot version: 0.117.0 (api) - DEBUG - GET to endpoint: users/26051199485/info/ returned response: <Response [200]>
2021-10-27 03:37:24,040 - instabot version: 0.117.0 (api) - DEBUG - GET to endpoint: users/30915132248/info/ returned response: <Response [200]>
2021-10-27 03:37:24,604 - instabot version: 0.117.0 (api) - DEBUG - GET to endpoint: users/6051358775/info/ returned response: <Response [200]>
2021-10-27 03:37:25,492 - instabot version: 0.117.0 (api) - DEBUG - GET to endpoint: users/28808613490/info/ returned response: <Response [200]>
2021-10-27 03:37:26,346 - instabot version: 0.117.0 (api) - DEBUG - GET to endpoint: users/26442928584/info/ returned response: <Response [200]>
2021-10-27 03:37:26,762 - instabot version: 0.117.0 (api) - DEBUG - GET to endpoint: users/12835032430/info/ returned response: <Response [200]>
2021-10-27 03:37:27,327 - instabot version: 0.117.0 (api) - DEBUG - GET to endpoint: users/3289906597/info/ returned response: <Response [200]>
2021-10-27 03:37:28,078 - instabot version: 0.117.0 (api) - DEBUG - GET to endpoint: users/6319203061/info/ returned response: <Response [200]>
2021-10-27 03:37:28,588 - instabot version: 0.117.0 (api) - DEBUG - GET to endpoint: users/4256600532/info/ returned response: <Response [200]>
2021-10-27 03:37:29,565 - instabot version: 0.117.0 (api) - DEBUG - GET to endpoint: users/25601336861/info/ returned response: <Response [200]>
2021-10-27 03:37:30,788 - instabot version: 0.117.0 (api) - DEBUG - GET to endpoint: users/21637455376/info/ returned response: <Response [200]>
2021-10-27 03:37:31,368 - instabot version: 0.117.0 (api) - DEBUG - GET to endpoint: users/32516512140/info/ returned response: <Response [200]>
2021-10-27 03:37:32,214 - instabot version: 0.117.0 (api) - DEBUG - GET to endpoint: users/5488656746/info/ returned response: <Response [200]>
2021-10-27 03:37:32,667 - instabot version: 0.117.0 (api) - DEBUG - GET to endpoint: users/8406514901/info/ returned response: <Response [200]>
2021-10-27 03:37:33,171 - instabot version: 0.117.0 (api) - DEBUG - GET to endpoint: users/32352718330/info/ returned response: <Response [200]>
2021-10-27 03:37:33,613 - instabot version: 0.117.0 (api) - DEBUG - GET to endpoint: users/32567217838/info/ returned response: <Response [200]>
2021-10-27 03:37:34,030 - instabot version: 0.117.0 (api) - DEBUG - GET to endpoint: users/32932621535/info/ returned response: <Response [200]>
2021-10-27 03:37:34,652 - instabot version: 0.117.0 (api) - DEBUG - GET to endpoint: users/32815534133/info/ returned response: <Response [200]>
2021-10-27 03:37:35,068 - instabot version: 0.117.0 (api) - DEBUG - GET to endpoint: users/33695297491/info/ returned response: <Response [200]>
2021-10-27 03:37:35,498 - instabot version: 0.117.0 (api) - DEBUG - GET to endpoint: users/33509541564/info/ returned response: <Response [200]>
2021-10-27 03:37:36,035 - instabot version: 0.117.0 (api) - DEBUG - GET to endpoint: users/3105657132/info/ returned response: <Response [200]>
2021-10-27 03:37:36,682 - instabot version: 0.117.0 (api) - DEBUG - GET to endpoint: users/33905255084/info/ returned response: <Response [200]>
2021-10-27 03:37:37,078 - instabot version: 0.117.0 (api) - DEBUG - GET to endpoint: users/34185560906/info/ returned response: <Response [200]>
2021-10-27 03:37:37,855 - instabot version: 0.117.0 (api) - DEBUG - GET to endpoint: users/6194152342/info/ returned response: <Response [200]>
2021-10-27 03:37:38,581 - instabot version: 0.117.0 (api) - DEBUG - GET to endpoint: users/34387751665/info/ returned response: <Response [200]>
2021-10-27 03:37:39,429 - instabot version: 0.117.0 (api) - DEBUG - GET to endpoint: users/33041846496/info/ returned response: <Response [200]>
2021-10-27 03:37:39,816 - instabot version: 0.117.0 (api) - DEBUG - GET to endpoint: users/34258039791/info/ returned response: <Response [200]>
2021-10-27 03:37:40,807 - instabot version: 0.117.0 (api) - DEBUG - GET to endpoint: users/14985295676/info/ returned response: <Response [200]>
2021-10-27 03:37:41,213 - instabot version: 0.117.0 (api) - DEBUG - GET to endpoint: users/34482932498/info/ returned response: <Response [200]>
2021-10-27 03:37:41,606 - instabot version: 0.117.0 (api) - DEBUG - GET to endpoint: users/34419496010/info/ returned response: <Response [200]>
2021-10-27 03:37:42,456 - instabot version: 0.117.0 (api) - DEBUG - GET to endpoint: users/8706970745/info/ returned response: <Response [200]>
2021-10-27 03:37:43,046 - instabot version: 0.117.0 (api) - DEBUG - GET to endpoint: users/34850303014/info/ returned response: <Response [200]>
2021-10-27 03:37:43,712 - instabot version: 0.117.0 (api) - DEBUG - GET to endpoint: users/4140717330/info/ returned response: <Response [200]>
2021-10-27 03:37:44,256 - instabot version: 0.117.0 (api) - DEBUG - GET to endpoint: users/35421409493/info/ returned response: <Response [200]>
2021-10-27 03:37:44,766 - instabot version: 0.117.0 (api) - DEBUG - GET to endpoint: users/6911911965/info/ returned response: <Response [200]>
2021-10-27 03:37:45,297 - instabot version: 0.117.0 (api) - DEBUG - GET to endpoint: users/35656863180/info/ returned response: <Response [200]>
2021-10-27 03:37:45,746 - instabot version: 0.117.0 (api) - DEBUG - GET to endpoint: users/8654832461/info/ returned response: <Response [200]>
2021-10-27 03:37:46,397 - instabot version: 0.117.0 (api) - DEBUG - GET to endpoint: users/37083330158/info/ returned response: <Response [200]>
2021-10-27 03:37:47,245 - instabot version: 0.117.0 (api) - DEBUG - GET to endpoint: users/8270379641/info/ returned response: <Response [200]>
2021-10-27 03:37:48,288 - instabot version: 0.117.0 (api) - DEBUG - GET to endpoint: users/9765743728/info/ returned response: <Response [200]>
2021-10-27 03:37:49,062 - instabot version: 0.117.0 (api) - DEBUG - GET to endpoint: users/6277849252/info/ returned response: <Response [200]>
2021-10-27 03:37:49,572 - instabot version: 0.117.0 (api) - DEBUG - GET to endpoint: users/36750397233/info/ returned response: <Response [200]>
2021-10-27 03:37:50,069 - instabot version: 0.117.0 (api) - DEBUG - GET to endpoint: users/36507959604/info/ returned response: <Response [200]>
2021-10-27 03:37:50,945 - instabot version: 0.117.0 (api) - DEBUG - GET to endpoint: users/10909670113/info/ returned response: <Response [200]>
2021-10-27 03:37:51,753 - instabot version: 0.117.0 (api) - DEBUG - GET to endpoint: users/8002497309/info/ returned response: <Response [200]>
2021-10-27 03:37:52,253 - instabot version: 0.117.0 (api) - DEBUG - GET to endpoint: users/6236196015/info/ returned response: <Response [200]>
2021-10-27 03:37:52,675 - instabot version: 0.117.0 (api) - DEBUG - GET to endpoint: users/5569878139/info/ returned response: <Response [200]>
2021-10-27 03:37:53,234 - instabot version: 0.117.0 (api) - DEBUG - GET to endpoint: users/5516034173/info/ returned response: <Response [200]>
2021-10-27 03:37:53,910 - instabot version: 0.117.0 (api) - DEBUG - GET to endpoint: users/5617992323/info/ returned response: <Response [200]>
2021-10-27 03:37:54,365 - instabot version: 0.117.0 (api) - DEBUG - GET to endpoint: users/15788860323/info/ returned response: <Response [200]>
2021-10-27 03:37:55,173 - instabot version: 0.117.0 (api) - DEBUG - GET to endpoint: users/37626085233/info/ returned response: <Response [200]>
2021-10-27 03:37:55,567 - instabot version: 0.117.0 (api) - DEBUG - GET to endpoint: users/38897803146/info/ returned response: <Response [200]>
2021-10-27 03:37:56,065 - instabot version: 0.117.0 (api) - DEBUG - GET to endpoint: users/5406382272/info/ returned response: <Response [200]>
2021-10-27 03:37:57,116 - instabot version: 0.117.0 (api) - DEBUG - GET to endpoint: users/38104469937/info/ returned response: <Response [200]>
2021-10-27 03:37:57,746 - instabot version: 0.117.0 (api) - DEBUG - GET to endpoint: users/38581449512/info/ returned response: <Response [200]>
2021-10-27 03:37:58,169 - instabot version: 0.117.0 (api) - DEBUG - GET to endpoint: users/13503924507/info/ returned response: <Response [200]>
2021-10-27 03:37:58,574 - instabot version: 0.117.0 (api) - DEBUG - GET to endpoint: users/39375534895/info/ returned response: <Response [200]>
2021-10-27 03:37:59,479 - instabot version: 0.117.0 (api) - DEBUG - GET to endpoint: users/16713245191/info/ returned response: <Response [200]>
2021-10-27 03:38:00,258 - instabot version: 0.117.0 (api) - DEBUG - GET to endpoint: users/35612565366/info/ returned response: <Response [200]>
2021-10-27 03:38:00,681 - instabot version: 0.117.0 (api) - DEBUG - GET to endpoint: users/25968330501/info/ returned response: <Response [200]>
2021-10-27 03:38:01,174 - instabot version: 0.117.0 (api) - DEBUG - GET to endpoint: users/15746111315/info/ returned response: <Response [200]>
2021-10-27 03:38:01,586 - instabot version: 0.117.0 (api) - DEBUG - GET to endpoint: users/39204779600/info/ returned response: <Response [200]>
2021-10-27 03:38:02,629 - instabot version: 0.117.0 (api) - DEBUG - GET to endpoint: users/39201367964/info/ returned response: <Response [200]>
2021-10-27 03:38:03,394 - instabot version: 0.117.0 (api) - DEBUG - GET to endpoint: users/31029651609/info/ returned response: <Response [200]>
2021-10-27 03:38:03,828 - instabot version: 0.117.0 (api) - DEBUG - GET to endpoint: users/38925882128/info/ returned response: <Response [200]>
2021-10-27 03:38:04,260 - instabot version: 0.117.0 (api) - DEBUG - GET to endpoint: users/39288848508/info/ returned response: <Response [200]>
2021-10-27 03:38:04,760 - instabot version: 0.117.0 (api) - DEBUG - GET to endpoint: users/4247443577/info/ returned response: <Response [200]>
2021-10-27 03:38:05,177 - instabot version: 0.117.0 (api) - DEBUG - GET to endpoint: users/38333304116/info/ returned response: <Response [200]>
2021-10-27 03:38:05,599 - instabot version: 0.117.0 (api) - DEBUG - GET to endpoint: users/39709249302/info/ returned response: <Response [200]>
2021-10-27 03:38:06,108 - instabot version: 0.117.0 (api) - DEBUG - GET to endpoint: users/6987093897/info/ returned response: <Response [200]>
2021-10-27 03:38:07,399 - instabot version: 0.117.0 (api) - DEBUG - GET to endpoint: users/39325190686/info/ returned response: <Response [200]>
2021-10-27 03:38:08,267 - instabot version: 0.117.0 (api) - DEBUG - GET to endpoint: users/39546354866/info/ returned response: <Response [200]>
2021-10-27 03:38:09,071 - instabot version: 0.117.0 (api) - DEBUG - GET to endpoint: users/39804663379/info/ returned response: <Response [200]>
2021-10-27 03:38:09,850 - instabot version: 0.117.0 (api) - DEBUG - GET to endpoint: users/39507631480/info/ returned response: <Response [200]>
2021-10-27 03:38:13,195 - instabot version: 0.117.0 (api) - DEBUG - GET to endpoint: users/33727933977/info/ returned response: <Response [200]>
2021-10-27 03:38:14,260 - instabot version: 0.117.0 (api) - DEBUG - GET to endpoint: users/40740438608/info/ returned response: <Response [200]>
2021-10-27 03:38:14,997 - instabot version: 0.117.0 (api) - DEBUG - GET to endpoint: users/9306675153/info/ returned response: <Response [200]>
2021-10-27 03:38:15,907 - instabot version: 0.117.0 (api) - DEBUG - GET to endpoint: users/12078048631/info/ returned response: <Response [200]>
2021-10-27 03:38:16,690 - instabot version: 0.117.0 (api) - DEBUG - GET to endpoint: users/16682367082/info/ returned response: <Response [200]>
2021-10-27 03:38:17,429 - instabot version: 0.117.0 (api) - DEBUG - GET to endpoint: users/47571430597/info/ returned response: <Response [200]>
2021-10-27 03:38:18,457 - instabot version: 0.117.0 (api) - DEBUG - GET to endpoint: users/24611951694/info/ returned response: <Response [200]>
2021-10-27 03:38:19,503 - instabot version: 0.117.0 (api) - DEBUG - GET to endpoint: users/38179998445/info/ returned response: <Response [200]>
2021-10-27 03:38:20,559 - instabot version: 0.117.0 (api) - DEBUG - GET to endpoint: users/47608195762/info/ returned response: <Response [200]>
2021-10-27 03:38:21,576 - instabot version: 0.117.0 (api) - DEBUG - GET to endpoint: users/10112983374/info/ returned response: <Response [200]>
2021-10-27 03:38:22,395 - instabot version: 0.117.0 (api) - DEBUG - GET to endpoint: users/40287681626/info/ returned response: <Response [200]>
2021-10-27 03:38:23,465 - instabot version: 0.117.0 (api) - DEBUG - GET to endpoint: users/35040183671/info/ returned response: <Response [200]>
2021-10-27 03:38:24,417 - instabot version: 0.117.0 (api) - DEBUG - GET to endpoint: users/45022754480/info/ returned response: <Response [200]>
2021-10-27 03:38:25,534 - instabot version: 0.117.0 (api) - DEBUG - GET to endpoint: users/44362720000/info/ returned response: <Response [200]>
2021-10-27 03:38:26,350 - instabot version: 0.117.0 (api) - DEBUG - GET to endpoint: users/45694314263/info/ returned response: <Response [200]>
2021-10-27 03:38:27,406 - instabot version: 0.117.0 (api) - DEBUG - GET to endpoint: users/9991328118/info/ returned response: <Response [200]>
2021-10-27 03:38:28,196 - instabot version: 0.117.0 (api) - DEBUG - GET to endpoint: users/38552875175/info/ returned response: <Response [200]>
2021-10-27 03:38:29,240 - instabot version: 0.117.0 (api) - DEBUG - GET to endpoint: users/8650126093/info/ returned response: <Response [200]>
2021-10-27 03:38:30,399 - instabot version: 0.117.0 (api) - DEBUG - GET to endpoint: users/33628671965/info/ returned response: <Response [200]>
2021-10-27 03:38:31,193 - instabot version: 0.117.0 (api) - DEBUG - GET to endpoint: users/39454994337/info/ returned response: <Response [200]>
2021-10-27 03:38:32,330 - instabot version: 0.117.0 (api) - DEBUG - GET to endpoint: users/40803336475/info/ returned response: <Response [200]>
2021-10-27 03:38:33,212 - instabot version: 0.117.0 (api) - DEBUG - GET to endpoint: users/7311405288/info/ returned response: <Response [200]>
2021-10-27 03:38:33,929 - instabot version: 0.117.0 (api) - DEBUG - GET to endpoint: users/48864116333/info/ returned response: <Response [200]>
2021-10-27 03:38:34,902 - instabot version: 0.117.0 (api) - DEBUG - GET to endpoint: users/45335334737/info/ returned response: <Response [200]>
2021-10-27 03:38:35,820 - instabot version: 0.117.0 (api) - DEBUG - GET to endpoint: users/28449115742/info/ returned response: <Response [200]>
2021-10-27 03:38:36,611 - instabot version: 0.117.0 (api) - DEBUG - GET to endpoint: users/8399345746/info/ returned response: <Response [200]>
2021-10-27 03:38:37,493 - instabot version: 0.117.0 (api) - DEBUG - GET to endpoint: users/15057372811/info/ returned response: <Response [200]>
2021-10-27 03:38:38,347 - instabot version: 0.117.0 (api) - DEBUG - GET to endpoint: users/18298859142/info/ returned response: <Response [200]>
2021-10-27 03:38:40,986 - instabot version: 0.117.0 (api) - DEBUG - GET to endpoint: users/8672207842/info/ returned response: <Response [200]>
2021-10-27 03:38:41,956 - instabot version: 0.117.0 (api) - DEBUG - GET to endpoint: users/27763307930/info/ returned response: <Response [200]>
2021-10-27 03:38:42,984 - instabot version: 0.117.0 (api) - DEBUG - GET to endpoint: users/44036832410/info/ returned response: <Response [200]>
2021-10-27 03:38:44,136 - instabot version: 0.117.0 (api) - DEBUG - GET to endpoint: users/9864789858/info/ returned response: <Response [200]>
2021-10-27 03:38:45,182 - instabot version: 0.117.0 (api) - DEBUG - GET to endpoint: users/48128640535/info/ returned response: <Response [200]>
2021-10-27 03:38:46,398 - instabot version: 0.117.0 (api) - DEBUG - GET to endpoint: users/40028871587/info/ returned response: <Response [200]>
2021-10-27 03:38:47,244 - instabot version: 0.117.0 (api) - DEBUG - GET to endpoint: users/5550774373/info/ returned response: <Response [200]>
2021-10-27 03:38:48,058 - instabot version: 0.117.0 (api) - DEBUG - GET to endpoint: users/4513364688/info/ returned response: <Response [200]>
2021-10-27 03:38:48,793 - instabot version: 0.117.0 (api) - DEBUG - GET to endpoint: users/2077059406/info/ returned response: <Response [200]>
2021-10-27 03:38:49,564 - instabot version: 0.117.0 (api) - DEBUG - GET to endpoint: users/47724920226/info/ returned response: <Response [200]>
2021-10-27 03:38:50,438 - instabot version: 0.117.0 (api) - DEBUG - GET to endpoint: users/5419037192/info/ returned response: <Response [200]>
2021-10-27 03:38:51,531 - instabot version: 0.117.0 (api) - DEBUG - GET to endpoint: users/40164753151/info/ returned response: <Response [200]>
2021-10-27 03:38:52,291 - instabot version: 0.117.0 (api) - DEBUG - GET to endpoint: users/4030766606/info/ returned response: <Response [200]>
2021-10-27 03:38:53,171 - instabot version: 0.117.0 (api) - DEBUG - GET to endpoint: users/8452605001/info/ returned response: <Response [200]>
2021-10-27 03:38:53,953 - instabot version: 0.117.0 (api) - DEBUG - GET to endpoint: users/7105371643/info/ returned response: <Response [200]>
2021-10-27 03:38:54,789 - instabot version: 0.117.0 (api) - DEBUG - GET to endpoint: users/28010770049/info/ returned response: <Response [200]>
2021-10-27 03:38:56,063 - instabot version: 0.117.0 (api) - DEBUG - GET to endpoint: users/36639795010/info/ returned response: <Response [200]>
2021-10-27 03:38:57,257 - instabot version: 0.117.0 (api) - DEBUG - GET to endpoint: users/4973755884/info/ returned response: <Response [200]>
2021-10-27 03:38:57,802 - instabot version: 0.117.0 (api) - DEBUG - GET to endpoint: users/5643476810/info/ returned response: <Response [200]>
2021-10-27 03:38:58,613 - instabot version: 0.117.0 (api) - DEBUG - GET to endpoint: users/46533940052/info/ returned response: <Response [200]>
2021-10-27 03:38:59,111 - instabot version: 0.117.0 (api) - DEBUG - GET to endpoint: users/4652328286/info/ returned response: <Response [200]>
2021-10-27 03:38:59,634 - instabot version: 0.117.0 (api) - DEBUG - GET to endpoint: users/9219979827/info/ returned response: <Response [200]>
2021-10-27 03:39:00,564 - instabot version: 0.117.0 (api) - DEBUG - GET to endpoint: users/18611924804/info/ returned response: <Response [200]>
2021-10-27 03:39:01,157 - instabot version: 0.117.0 (api) - DEBUG - GET to endpoint: users/9389036537/info/ returned response: <Response [200]>
2021-10-27 03:39:01,888 - instabot version: 0.117.0 (api) - DEBUG - GET to endpoint: users/48967863917/info/ returned response: <Response [200]>
2021-10-27 03:39:03,114 - instabot version: 0.117.0 (api) - DEBUG - GET to endpoint: users/6481191239/info/ returned response: <Response [200]>
2021-10-27 03:39:03,551 - instabot version: 0.117.0 (api) - DEBUG - GET to endpoint: users/7773020290/info/ returned response: <Response [200]>
2021-10-27 03:39:04,690 - instabot version: 0.117.0 (api) - DEBUG - GET to endpoint: users/6700978780/info/ returned response: <Response [200]>
2021-10-27 03:39:05,641 - instabot version: 0.117.0 (api) - DEBUG - GET to endpoint: users/8595362972/info/ returned response: <Response [200]>
2021-10-27 03:39:06,486 - instabot version: 0.117.0 (api) - DEBUG - GET to endpoint: users/6945614915/info/ returned response: <Response [200]>
2021-10-27 03:39:08,081 - instabot version: 0.117.0 (api) - DEBUG - GET to endpoint: users/4908035839/info/ returned response: <Response [200]>
2021-10-27 03:39:08,882 - instabot version: 0.117.0 (api) - DEBUG - GET to endpoint: users/8321942981/info/ returned response: <Response [200]>
2021-10-27 03:39:09,385 - instabot version: 0.117.0 (api) - DEBUG - GET to endpoint: users/12112280133/info/ returned response: <Response [200]>
2021-10-27 03:39:10,640 - instabot version: 0.117.0 (api) - DEBUG - GET to endpoint: users/45380378571/info/ returned response: <Response [200]>
2021-10-27 03:39:11,190 - instabot version: 0.117.0 (api) - DEBUG - GET to endpoint: users/40652163802/info/ returned response: <Response [200]>
2021-10-27 03:39:11,790 - instabot version: 0.117.0 (api) - DEBUG - GET to endpoint: users/8673224734/info/ returned response: <Response [200]>
2021-10-27 03:39:12,522 - instabot version: 0.117.0 (api) - DEBUG - GET to endpoint: users/44670706863/info/ returned response: <Response [200]>
2021-10-27 03:39:13,058 - instabot version: 0.117.0 (api) - DEBUG - GET to endpoint: users/47885662318/info/ returned response: <Response [200]>
2021-10-27 03:39:13,904 - instabot version: 0.117.0 (api) - DEBUG - GET to endpoint: users/12377808154/info/ returned response: <Response [200]>
2021-10-27 03:39:14,782 - instabot version: 0.117.0 (api) - DEBUG - GET to endpoint: users/1981752657/info/ returned response: <Response [200]>
2021-10-27 03:39:15,551 - instabot version: 0.117.0 (api) - DEBUG - GET to endpoint: users/21529161682/info/ returned response: <Response [200]>
2021-10-27 03:39:16,707 - instabot version: 0.117.0 (api) - DEBUG - GET to endpoint: users/6513306505/info/ returned response: <Response [200]>
2021-10-27 03:39:17,650 - instabot version: 0.117.0 (api) - DEBUG - GET to endpoint: users/6730006982/info/ returned response: <Response [200]>
2021-10-27 03:39:18,345 - instabot version: 0.117.0 (api) - DEBUG - GET to endpoint: users/46253550355/info/ returned response: <Response [200]>
2021-10-27 03:39:19,239 - instabot version: 0.117.0 (api) - DEBUG - GET to endpoint: users/6764983730/info/ returned response: <Response [200]>
2021-10-27 03:39:20,214 - instabot version: 0.117.0 (api) - DEBUG - GET to endpoint: users/6129214257/info/ returned response: <Response [200]>
2021-10-27 03:39:20,865 - instabot version: 0.117.0 (api) - DEBUG - GET to endpoint: users/31370881711/info/ returned response: <Response [200]>
2021-10-27 03:39:21,473 - instabot version: 0.117.0 (api) - DEBUG - GET to endpoint: users/3608386215/info/ returned response: <Response [200]>
2021-10-27 03:39:22,046 - instabot version: 0.117.0 (api) - DEBUG - GET to endpoint: users/7429593673/info/ returned response: <Response [200]>
2021-10-27 03:39:22,927 - instabot version: 0.117.0 (api) - DEBUG - GET to endpoint: users/6241888102/info/ returned response: <Response [200]>
2021-10-27 03:39:23,562 - instabot version: 0.117.0 (api) - DEBUG - GET to endpoint: users/6534165593/info/ returned response: <Response [200]>
2021-10-27 03:39:24,038 - instabot version: 0.117.0 (api) - DEBUG - GET to endpoint: users/1902265781/info/ returned response: <Response [200]>
2021-10-27 03:39:25,197 - instabot version: 0.117.0 (api) - DEBUG - GET to endpoint: users/19369393044/info/ returned response: <Response [200]>
2021-10-27 03:39:25,606 - instabot version: 0.117.0 (api) - DEBUG - GET to endpoint: users/6703415229/info/ returned response: <Response [200]>
2021-10-27 03:39:26,526 - instabot version: 0.117.0 (api) - DEBUG - GET to endpoint: users/9871540208/info/ returned response: <Response [200]>
2021-10-27 03:39:27,089 - instabot version: 0.117.0 (api) - DEBUG - GET to endpoint: users/49481059666/info/ returned response: <Response [200]>
2021-10-27 03:39:27,519 - instabot version: 0.117.0 (api) - DEBUG - GET to endpoint: users/39528197056/info/ returned response: <Response [200]>
2021-10-27 03:39:28,399 - instabot version: 0.117.0 (api) - DEBUG - GET to endpoint: users/23326784755/info/ returned response: <Response [200]>
2021-10-27 03:39:28,820 - instabot version: 0.117.0 (api) - DEBUG - GET to endpoint: users/34337951830/info/ returned response: <Response [200]>
2021-10-27 03:39:29,765 - instabot version: 0.117.0 (api) - DEBUG - GET to endpoint: users/44222103295/info/ returned response: <Response [200]>
2021-10-27 03:39:30,786 - instabot version: 0.117.0 (api) - DEBUG - GET to endpoint: users/31839307382/info/ returned response: <Response [200]>
2021-10-27 03:39:31,226 - instabot version: 0.117.0 (api) - DEBUG - GET to endpoint: users/14485321357/info/ returned response: <Response [200]>
2021-10-27 03:39:32,441 - instabot version: 0.117.0 (api) - DEBUG - GET to endpoint: users/6718041127/info/ returned response: <Response [200]>
2021-10-27 03:39:32,871 - instabot version: 0.117.0 (api) - DEBUG - GET to endpoint: users/7502314687/info/ returned response: <Response [200]>
2021-10-27 03:39:33,658 - instabot version: 0.117.0 (api) - DEBUG - GET to endpoint: users/11374857509/info/ returned response: <Response [200]>
2021-10-27 03:39:34,257 - instabot version: 0.117.0 (api) - DEBUG - GET to endpoint: users/3112361582/info/ returned response: <Response [200]>
2021-10-27 03:39:35,272 - instabot version: 0.117.0 (api) - DEBUG - GET to endpoint: users/8708016318/info/ returned response: <Response [200]>
2021-10-27 03:39:36,195 - instabot version: 0.117.0 (api) - DEBUG - GET to endpoint: users/6053036508/info/ returned response: <Response [200]>
2021-10-27 03:39:36,745 - instabot version: 0.117.0 (api) - DEBUG - GET to endpoint: users/6667233623/info/ returned response: <Response [200]>
2021-10-27 03:39:37,483 - instabot version: 0.117.0 (api) - DEBUG - GET to endpoint: users/26515292402/info/ returned response: <Response [200]>
2021-10-27 03:39:37,889 - instabot version: 0.117.0 (api) - DEBUG - GET to endpoint: users/48139450403/info/ returned response: <Response [200]>
2021-10-27 03:39:38,778 - instabot version: 0.117.0 (api) - DEBUG - GET to endpoint: users/20305605584/info/ returned response: <Response [200]>
2021-10-27 03:39:39,669 - instabot version: 0.117.0 (api) - DEBUG - GET to endpoint: users/5982581954/info/ returned response: <Response [200]>
2021-10-27 03:39:40,161 - instabot version: 0.117.0 (api) - DEBUG - GET to endpoint: users/5377517632/info/ returned response: <Response [200]>
2021-10-27 03:39:40,580 - instabot version: 0.117.0 (api) - DEBUG - GET to endpoint: users/8558927588/info/ returned response: <Response [200]>
2021-10-27 03:39:40,989 - instabot version: 0.117.0 (api) - DEBUG - GET to endpoint: users/10171572652/info/ returned response: <Response [200]>
2021-10-27 03:39:41,833 - instabot version: 0.117.0 (api) - DEBUG - GET to endpoint: users/5809832941/info/ returned response: <Response [200]>
2021-10-27 03:39:43,498 - instabot version: 0.117.0 (api) - DEBUG - GET to endpoint: users/8423932943/info/ returned response: <Response [200]>
2021-10-27 03:39:44,270 - instabot version: 0.117.0 (api) - DEBUG - GET to endpoint: users/44047718087/info/ returned response: <Response [200]>
2021-10-27 03:39:45,174 - instabot version: 0.117.0 (api) - DEBUG - GET to endpoint: users/6230024616/info/ returned response: <Response [200]>
2021-10-27 03:39:46,243 - instabot version: 0.117.0 (api) - DEBUG - GET to endpoint: users/6323989274/info/ returned response: <Response [200]>
2021-10-27 03:39:47,147 - instabot version: 0.117.0 (api) - DEBUG - GET to endpoint: users/13801270135/info/ returned response: <Response [200]>
2021-10-27 03:39:47,840 - instabot version: 0.117.0 (api) - DEBUG - GET to endpoint: users/48676442115/info/ returned response: <Response [200]>
2021-10-27 03:39:48,684 - instabot version: 0.117.0 (api) - DEBUG - GET to endpoint: users/4023620183/info/ returned response: <Response [200]>
2021-10-27 03:39:49,202 - instabot version: 0.117.0 (api) - DEBUG - GET to endpoint: users/4785714582/info/ returned response: <Response [200]>
2021-10-27 03:39:49,864 - instabot version: 0.117.0 (api) - DEBUG - GET to endpoint: users/7613900188/info/ returned response: <Response [200]>
2021-10-27 03:39:50,636 - instabot version: 0.117.0 (api) - DEBUG - GET to endpoint: users/18551678316/info/ returned response: <Response [200]>
2021-10-27 03:39:51,637 - instabot version: 0.117.0 (api) - DEBUG - GET to endpoint: users/45146032727/info/ returned response: <Response [200]>
2021-10-27 03:39:52,491 - instabot version: 0.117.0 (api) - DEBUG - GET to endpoint: users/3535985710/info/ returned response: <Response [200]>
2021-10-27 03:39:53,316 - instabot version: 0.117.0 (api) - DEBUG - GET to endpoint: users/4059182888/info/ returned response: <Response [200]>
2021-10-27 03:39:54,109 - instabot version: 0.117.0 (api) - DEBUG - GET to endpoint: users/5488207201/info/ returned response: <Response [200]>
2021-10-27 03:39:54,624 - instabot version: 0.117.0 (api) - DEBUG - GET to endpoint: users/13115092127/info/ returned response: <Response [200]>
2021-10-27 03:39:55,470 - instabot version: 0.117.0 (api) - DEBUG - GET to endpoint: users/41337562879/info/ returned response: <Response [200]>
2021-10-27 03:39:56,289 - instabot version: 0.117.0 (api) - DEBUG - GET to endpoint: users/3860814628/info/ returned response: <Response [200]>
2021-10-27 03:39:57,195 - instabot version: 0.117.0 (api) - DEBUG - GET to endpoint: users/8255262526/info/ returned response: <Response [200]>
2021-10-27 03:39:57,596 - instabot version: 0.117.0 (api) - DEBUG - GET to endpoint: users/13319253686/info/ returned response: <Response [200]>
2021-10-27 03:39:58,021 - instabot version: 0.117.0 (api) - DEBUG - GET to endpoint: users/5702404414/info/ returned response: <Response [200]>
2021-10-27 03:39:58,701 - instabot version: 0.117.0 (api) - DEBUG - GET to endpoint: users/19529029379/info/ returned response: <Response [200]>
2021-10-27 03:39:59,221 - instabot version: 0.117.0 (api) - DEBUG - GET to endpoint: users/9223620823/info/ returned response: <Response [200]>
2021-10-27 03:40:00,155 - instabot version: 0.117.0 (api) - DEBUG - GET to endpoint: users/1973309723/info/ returned response: <Response [200]>
2021-10-27 03:40:00,559 - instabot version: 0.117.0 (api) - DEBUG - GET to endpoint: users/17424937489/info/ returned response: <Response [200]>
2021-10-27 03:40:01,225 - instabot version: 0.117.0 (api) - DEBUG - GET to endpoint: users/40716959938/info/ returned response: <Response [200]>
2021-10-27 03:40:02,204 - instabot version: 0.117.0 (api) - DEBUG - GET to endpoint: users/26962515177/info/ returned response: <Response [200]>
2021-10-27 03:40:03,140 - instabot version: 0.117.0 (api) - DEBUG - GET to endpoint: users/48422369392/info/ returned response: <Response [200]>
2021-10-27 03:40:03,755 - instabot version: 0.117.0 (api) - DEBUG - GET to endpoint: users/6192941123/info/ returned response: <Response [200]>
2021-10-27 03:40:04,196 - instabot version: 0.117.0 (api) - DEBUG - GET to endpoint: users/44539857303/info/ returned response: <Response [200]>
2021-10-27 03:40:04,726 - instabot version: 0.117.0 (api) - DEBUG - GET to endpoint: users/5769735082/info/ returned response: <Response [200]>
2021-10-27 03:40:05,172 - instabot version: 0.117.0 (api) - DEBUG - GET to endpoint: users/49770907282/info/ returned response: <Response [200]>
2021-10-27 03:40:05,989 - instabot version: 0.117.0 (api) - DEBUG - GET to endpoint: users/26969142295/info/ returned response: <Response [200]>
2021-10-27 03:40:06,523 - instabot version: 0.117.0 (api) - DEBUG - GET to endpoint: friendships/26969142295/following/?max_id=&ig_sig_key_version=4&rank_token=49770907282_0433d043-2901-472b-9353-e9ef5a8f8dbb returned response: <Response [200]>
2021-10-27 03:40:07,190 - instabot version: 0.117.0 (api) - DEBUG - GET to endpoint: friendships/26969142295/following/?max_id=100&ig_sig_key_version=4&rank_token=49770907282_0433d043-2901-472b-9353-e9ef5a8f8dbb returned response: <Response [200]>
2021-10-27 03:40:07,605 - instabot version: 0.117.0 (api) - DEBUG - GET to endpoint: friendships/26969142295/following/?max_id=200&ig_sig_key_version=4&rank_token=49770907282_0433d043-2901-472b-9353-e9ef5a8f8dbb returned response: <Response [200]>
2021-10-27 03:40:07,983 - instabot version: 0.117.0 (api) - DEBUG - GET to endpoint: friendships/26969142295/following/?max_id=300&ig_sig_key_version=4&rank_token=49770907282_0433d043-2901-472b-9353-e9ef5a8f8dbb returned response: <Response [200]>
2021-10-27 03:40:08,540 - instabot version: 0.117.0 (api) - DEBUG - GET to endpoint: users/365041587/info/ returned response: <Response [200]>
2021-10-27 03:40:08,999 - instabot version: 0.117.0 (api) - DEBUG - GET to endpoint: users/8302780865/info/ returned response: <Response [200]>
2021-10-27 03:40:09,558 - instabot version: 0.117.0 (api) - DEBUG - GET to endpoint: users/3616680457/info/ returned response: <Response [200]>
2021-10-27 03:40:10,829 - instabot version: 0.117.0 (api) - DEBUG - GET to endpoint: users/43490749541/info/ returned response: <Response [200]>
2021-10-27 03:40:11,448 - instabot version: 0.117.0 (api) - DEBUG - GET to endpoint: users/1564920785/info/ returned response: <Response [200]>
2021-10-27 03:40:11,992 - instabot version: 0.117.0 (api) - DEBUG - GET to endpoint: users/3954472489/info/ returned response: <Response [200]>
2021-10-27 03:40:12,666 - instabot version: 0.117.0 (api) - DEBUG - GET to endpoint: users/1506607755/info/ returned response: <Response [200]>
2021-10-27 03:40:13,150 - instabot version: 0.117.0 (api) - DEBUG - GET to endpoint: users/1751144278/info/ returned response: <Response [200]>
2021-10-27 03:40:13,628 - instabot version: 0.117.0 (api) - DEBUG - GET to endpoint: users/1077353702/info/ returned response: <Response [200]>
2021-10-27 03:40:14,121 - instabot version: 0.117.0 (api) - DEBUG - GET to endpoint: users/538874698/info/ returned response: <Response [200]>
2021-10-27 03:40:14,600 - instabot version: 0.117.0 (api) - DEBUG - GET to endpoint: users/26432547111/info/ returned response: <Response [200]>
2021-10-27 03:40:15,144 - instabot version: 0.117.0 (api) - DEBUG - GET to endpoint: users/21932529/info/ returned response: <Response [200]>
2021-10-27 03:40:16,120 - instabot version: 0.117.0 (api) - DEBUG - GET to endpoint: users/20311520/info/ returned response: <Response [200]>
2021-10-27 03:40:16,529 - instabot version: 0.117.0 (api) - DEBUG - GET to endpoint: users/7945293767/info/ returned response: <Response [200]>
2021-10-27 03:40:17,071 - instabot version: 0.117.0 (api) - DEBUG - GET to endpoint: users/2256874023/info/ returned response: <Response [200]>
2021-10-27 03:40:17,564 - instabot version: 0.117.0 (api) - DEBUG - GET to endpoint: users/12995776/info/ returned response: <Response [200]>
2021-10-27 03:40:18,125 - instabot version: 0.117.0 (api) - DEBUG - GET to endpoint: users/762770654/info/ returned response: <Response [200]>
2021-10-27 03:40:18,723 - instabot version: 0.117.0 (api) - DEBUG - GET to endpoint: users/2982633882/info/ returned response: <Response [200]>
2021-10-27 03:40:19,210 - instabot version: 0.117.0 (api) - DEBUG - GET to endpoint: users/213430047/info/ returned response: <Response [200]>
2021-10-27 03:40:19,688 - instabot version: 0.117.0 (api) - DEBUG - GET to endpoint: users/1376331573/info/ returned response: <Response [200]>
2021-10-27 03:40:20,179 - instabot version: 0.117.0 (api) - DEBUG - GET to endpoint: users/222239959/info/ returned response: <Response [200]>
2021-10-27 03:40:20,685 - instabot version: 0.117.0 (api) - DEBUG - GET to endpoint: users/517955927/info/ returned response: <Response [200]>
2021-10-27 03:40:21,263 - instabot version: 0.117.0 (api) - DEBUG - GET to endpoint: users/36407544/info/ returned response: <Response [200]>
2021-10-27 03:40:22,101 - instabot version: 0.117.0 (api) - DEBUG - GET to endpoint: users/1702003595/info/ returned response: <Response [200]>
2021-10-27 03:40:22,925 - instabot version: 0.117.0 (api) - DEBUG - GET to endpoint: users/9367986599/info/ returned response: <Response [200]>
2021-10-27 03:40:23,598 - instabot version: 0.117.0 (api) - DEBUG - GET to endpoint: users/1755647430/info/ returned response: <Response [200]>
2021-10-27 03:40:24,407 - instabot version: 0.117.0 (api) - DEBUG - GET to endpoint: users/353276743/info/ returned response: <Response [200]>
2021-10-27 03:40:25,461 - instabot version: 0.117.0 (api) - DEBUG - GET to endpoint: users/5951848929/info/ returned response: <Response [200]>
2021-10-27 03:40:26,209 - instabot version: 0.117.0 (api) - DEBUG - GET to endpoint: users/1613539852/info/ returned response: <Response [200]>
2021-10-27 03:40:27,098 - instabot version: 0.117.0 (api) - DEBUG - GET to endpoint: users/14805456/info/ returned response: <Response [200]>
2021-10-27 03:40:27,937 - instabot version: 0.117.0 (api) - DEBUG - GET to endpoint: users/4504121421/info/ returned response: <Response [200]>
2021-10-27 03:40:28,745 - instabot version: 0.117.0 (api) - DEBUG - GET to endpoint: users/2257394227/info/ returned response: <Response [200]>
2021-10-27 03:40:29,532 - instabot version: 0.117.0 (api) - DEBUG - GET to endpoint: users/2086180257/info/ returned response: <Response [200]>
2021-10-27 03:40:30,294 - instabot version: 0.117.0 (api) - DEBUG - GET to endpoint: users/19960375914/info/ returned response: <Response [200]>
2021-10-27 03:40:31,150 - instabot version: 0.117.0 (api) - DEBUG - GET to endpoint: users/6665837458/info/ returned response: <Response [200]>
2021-10-27 03:40:31,953 - instabot version: 0.117.0 (api) - DEBUG - GET to endpoint: users/2033147472/info/ returned response: <Response [200]>
2021-10-27 03:40:32,736 - instabot version: 0.117.0 (api) - DEBUG - GET to endpoint: users/29971553/info/ returned response: <Response [200]>
2021-10-27 03:40:33,593 - instabot version: 0.117.0 (api) - DEBUG - GET to endpoint: users/1419706373/info/ returned response: <Response [200]>
2021-10-27 03:40:34,446 - instabot version: 0.117.0 (api) - DEBUG - GET to endpoint: users/1067259270/info/ returned response: <Response [200]>
2021-10-27 03:40:35,311 - instabot version: 0.117.0 (api) - DEBUG - GET to endpoint: users/192417402/info/ returned response: <Response [200]>
2021-10-27 03:40:36,159 - instabot version: 0.117.0 (api) - DEBUG - GET to endpoint: users/953293389/info/ returned response: <Response [200]>
2021-10-27 03:40:36,978 - instabot version: 0.117.0 (api) - DEBUG - GET to endpoint: users/566328842/info/ returned response: <Response [200]>
2021-10-27 03:40:37,876 - instabot version: 0.117.0 (api) - DEBUG - GET to endpoint: users/1315489327/info/ returned response: <Response [200]>
2021-10-27 03:40:38,802 - instabot version: 0.117.0 (api) - DEBUG - GET to endpoint: users/196743444/info/ returned response: <Response [200]>
2021-10-27 03:40:39,739 - instabot version: 0.117.0 (api) - DEBUG - GET to endpoint: users/528817151/info/ returned response: <Response [200]>
2021-10-27 03:40:40,623 - instabot version: 0.117.0 (api) - DEBUG - GET to endpoint: users/1364162422/info/ returned response: <Response [200]>
2021-10-27 03:40:41,478 - instabot version: 0.117.0 (api) - DEBUG - GET to endpoint: users/461224686/info/ returned response: <Response [200]>
2021-10-27 03:40:42,380 - instabot version: 0.117.0 (api) - DEBUG - GET to endpoint: users/198187584/info/ returned response: <Response [200]>
2021-10-27 03:40:43,135 - instabot version: 0.117.0 (api) - DEBUG - GET to endpoint: users/324599988/info/ returned response: <Response [200]>
2021-10-27 03:40:43,972 - instabot version: 0.117.0 (api) - DEBUG - GET to endpoint: users/26003100499/info/ returned response: <Response [200]>
2021-10-27 03:40:44,748 - instabot version: 0.117.0 (api) - DEBUG - GET to endpoint: users/8176439480/info/ returned response: <Response [200]>
2021-10-27 03:40:45,507 - instabot version: 0.117.0 (api) - DEBUG - GET to endpoint: users/618612856/info/ returned response: <Response [200]>
2021-10-27 03:40:46,304 - instabot version: 0.117.0 (api) - DEBUG - GET to endpoint: users/237213623/info/ returned response: <Response [200]>
2021-10-27 03:40:47,100 - instabot version: 0.117.0 (api) - DEBUG - GET to endpoint: users/28106568/info/ returned response: <Response [200]>
2021-10-27 03:40:47,818 - instabot version: 0.117.0 (api) - DEBUG - GET to endpoint: users/314216/info/ returned response: <Response [200]>
2021-10-27 03:40:48,580 - instabot version: 0.117.0 (api) - DEBUG - GET to endpoint: users/32728491/info/ returned response: <Response [200]>
2021-10-27 03:40:49,422 - instabot version: 0.117.0 (api) - DEBUG - GET to endpoint: users/312665764/info/ returned response: <Response [200]>
2021-10-27 03:40:50,130 - instabot version: 0.117.0 (api) - DEBUG - GET to endpoint: users/14455831/info/ returned response: <Response [200]>
2021-10-27 03:40:50,969 - instabot version: 0.117.0 (api) - DEBUG - GET to endpoint: users/912639211/info/ returned response: <Response [200]>
2021-10-27 03:40:51,738 - instabot version: 0.117.0 (api) - DEBUG - GET to endpoint: users/1297244934/info/ returned response: <Response [200]>
2021-10-27 03:40:52,617 - instabot version: 0.117.0 (api) - DEBUG - GET to endpoint: users/1140243112/info/ returned response: <Response [200]>
2021-10-27 03:40:53,303 - instabot version: 0.117.0 (api) - DEBUG - GET to endpoint: users/1059803059/info/ returned response: <Response [200]>
2021-10-27 03:40:54,129 - instabot version: 0.117.0 (api) - DEBUG - GET to endpoint: users/16584048/info/ returned response: <Response [200]>
2021-10-27 03:40:54,930 - instabot version: 0.117.0 (api) - DEBUG - GET to endpoint: users/426382007/info/ returned response: <Response [200]>
2021-10-27 03:40:55,669 - instabot version: 0.117.0 (api) - DEBUG - GET to endpoint: users/210746792/info/ returned response: <Response [200]>
2021-10-27 03:40:56,683 - instabot version: 0.117.0 (api) - DEBUG - GET to endpoint: users/249074882/info/ returned response: <Response [200]>
2021-10-27 03:40:57,518 - instabot version: 0.117.0 (api) - DEBUG - GET to endpoint: users/2244861144/info/ returned response: <Response [200]>
2021-10-27 03:40:58,040 - instabot version: 0.117.0 (api) - DEBUG - GET to endpoint: users/9777455/info/ returned response: <Response [200]>
2021-10-27 03:40:58,681 - instabot version: 0.117.0 (api) - DEBUG - GET to endpoint: users/7199116/info/ returned response: <Response [200]>
2021-10-27 03:40:59,648 - instabot version: 0.117.0 (api) - DEBUG - GET to endpoint: users/44755953/info/ returned response: <Response [200]>
2021-10-27 03:41:00,387 - instabot version: 0.117.0 (api) - DEBUG - GET to endpoint: users/333510796/info/ returned response: <Response [200]>
2021-10-27 03:41:00,933 - instabot version: 0.117.0 (api) - DEBUG - GET to endpoint: users/3960556458/info/ returned response: <Response [200]>
2021-10-27 03:41:01,532 - instabot version: 0.117.0 (api) - DEBUG - GET to endpoint: users/31358558/info/ returned response: <Response [200]>
2021-10-27 03:41:02,047 - instabot version: 0.117.0 (api) - DEBUG - GET to endpoint: users/1969224422/info/ returned response: <Response [200]>
2021-10-27 03:41:02,570 - instabot version: 0.117.0 (api) - DEBUG - GET to endpoint: users/144311455/info/ returned response: <Response [200]>
2021-10-27 03:41:03,096 - instabot version: 0.117.0 (api) - DEBUG - GET to endpoint: users/198945880/info/ returned response: <Response [200]>
2021-10-27 03:41:03,623 - instabot version: 0.117.0 (api) - DEBUG - GET to endpoint: users/306626904/info/ returned response: <Response [200]>
2021-10-27 03:41:04,112 - instabot version: 0.117.0 (api) - DEBUG - GET to endpoint: users/2990327899/info/ returned response: <Response [200]>
2021-10-27 03:41:04,526 - instabot version: 0.117.0 (api) - DEBUG - GET to endpoint: users/200804733/info/ returned response: <Response [200]>
2021-10-27 03:41:05,410 - instabot version: 0.117.0 (api) - DEBUG - GET to endpoint: users/1697296/info/ returned response: <Response [200]>
2021-10-27 03:41:05,970 - instabot version: 0.117.0 (api) - DEBUG - GET to endpoint: users/6590609/info/ returned response: <Response [200]>
2021-10-27 03:41:06,461 - instabot version: 0.117.0 (api) - DEBUG - GET to endpoint: users/15553190947/info/ returned response: <Response [200]>
2021-10-27 03:41:06,992 - instabot version: 0.117.0 (api) - DEBUG - GET to endpoint: users/8368591/info/ returned response: <Response [200]>
2021-10-27 03:41:07,472 - instabot version: 0.117.0 (api) - DEBUG - GET to endpoint: users/207075726/info/ returned response: <Response [200]>
2021-10-27 03:41:08,049 - instabot version: 0.117.0 (api) - DEBUG - GET to endpoint: users/28473942/info/ returned response: <Response [200]>
2021-10-27 03:41:08,546 - instabot version: 0.117.0 (api) - DEBUG - GET to endpoint: users/11212260/info/ returned response: <Response [200]>
2021-10-27 03:41:09,085 - instabot version: 0.117.0 (api) - DEBUG - GET to endpoint: users/20280138045/info/ returned response: <Response [200]>
2021-10-27 03:41:09,578 - instabot version: 0.117.0 (api) - DEBUG - GET to endpoint: users/186611121/info/ returned response: <Response [200]>
2021-10-27 03:41:10,092 - instabot version: 0.117.0 (api) - DEBUG - GET to endpoint: users/260014628/info/ returned response: <Response [200]>
2021-10-27 03:41:11,031 - instabot version: 0.117.0 (api) - DEBUG - GET to endpoint: users/175435783/info/ returned response: <Response [200]>
2021-10-27 03:41:11,432 - instabot version: 0.117.0 (api) - DEBUG - GET to endpoint: users/6925137/info/ returned response: <Response [200]>
2021-10-27 03:41:11,959 - instabot version: 0.117.0 (api) - DEBUG - GET to endpoint: users/18900337/info/ returned response: <Response [200]>
2021-10-27 03:41:12,646 - instabot version: 0.117.0 (api) - DEBUG - GET to endpoint: users/18963300/info/ returned response: <Response [200]>
2021-10-27 03:41:13,140 - instabot version: 0.117.0 (api) - DEBUG - GET to endpoint: users/1384013202/info/ returned response: <Response [200]>
2021-10-27 03:41:13,678 - instabot version: 0.117.0 (api) - DEBUG - GET to endpoint: users/52900562/info/ returned response: <Response [200]>
2021-10-27 03:41:14,185 - instabot version: 0.117.0 (api) - DEBUG - GET to endpoint: users/2037422242/info/ returned response: <Response [200]>
2021-10-27 03:41:14,704 - instabot version: 0.117.0 (api) - DEBUG - GET to endpoint: users/313658931/info/ returned response: <Response [200]>
2021-10-27 03:41:15,340 - instabot version: 0.117.0 (api) - DEBUG - GET to endpoint: users/9240981/info/ returned response: <Response [200]>
2021-10-27 03:41:15,944 - instabot version: 0.117.0 (api) - DEBUG - GET to endpoint: users/1285554631/info/ returned response: <Response [200]>
2021-10-27 03:41:16,483 - instabot version: 0.117.0 (api) - DEBUG - GET to endpoint: users/180547037/info/ returned response: <Response [200]>
2021-10-27 03:41:16,966 - instabot version: 0.117.0 (api) - DEBUG - GET to endpoint: users/188172041/info/ returned response: <Response [200]>
2021-10-27 03:41:17,678 - instabot version: 0.117.0 (api) - DEBUG - GET to endpoint: users/43114731/info/ returned response: <Response [200]>
2021-10-27 03:41:18,145 - instabot version: 0.117.0 (api) - DEBUG - GET to endpoint: users/4920265983/info/ returned response: <Response [200]>
2021-10-27 03:41:18,742 - instabot version: 0.117.0 (api) - DEBUG - GET to endpoint: users/291813467/info/ returned response: <Response [200]>
2021-10-27 03:41:19,218 - instabot version: 0.117.0 (api) - DEBUG - GET to endpoint: users/36118956/info/ returned response: <Response [200]>
2021-10-27 03:41:19,834 - instabot version: 0.117.0 (api) - DEBUG - GET to endpoint: users/20824486/info/ returned response: <Response [200]>
2021-10-27 03:41:20,441 - instabot version: 0.117.0 (api) - DEBUG - GET to endpoint: users/13619625/info/ returned response: <Response [200]>
2021-10-27 03:41:21,404 - instabot version: 0.117.0 (api) - DEBUG - GET to endpoint: users/28902942/info/ returned response: <Response [200]>
2021-10-27 03:41:21,937 - instabot version: 0.117.0 (api) - DEBUG - GET to endpoint: users/6733579/info/ returned response: <Response [200]>
2021-10-27 03:41:22,412 - instabot version: 0.117.0 (api) - DEBUG - GET to endpoint: users/1715814020/info/ returned response: <Response [200]>
2021-10-27 03:41:22,956 - instabot version: 0.117.0 (api) - DEBUG - GET to endpoint: users/493525227/info/ returned response: <Response [200]>
2021-10-27 03:41:23,485 - instabot version: 0.117.0 (api) - DEBUG - GET to endpoint: users/25812109/info/ returned response: <Response [200]>
2021-10-27 03:41:24,410 - instabot version: 0.117.0 (api) - DEBUG - GET to endpoint: users/3674512367/info/ returned response: <Response [200]>
2021-10-27 03:41:24,927 - instabot version: 0.117.0 (api) - DEBUG - GET to endpoint: users/23506229/info/ returned response: <Response [200]>
2021-10-27 03:41:25,498 - instabot version: 0.117.0 (api) - DEBUG - GET to endpoint: users/230975865/info/ returned response: <Response [200]>
2021-10-27 03:41:26,024 - instabot version: 0.117.0 (api) - DEBUG - GET to endpoint: users/1380294277/info/ returned response: <Response [200]>
2021-10-27 03:41:26,508 - instabot version: 0.117.0 (api) - DEBUG - GET to endpoint: users/220428576/info/ returned response: <Response [200]>
2021-10-27 03:41:27,011 - instabot version: 0.117.0 (api) - DEBUG - GET to endpoint: users/2180433561/info/ returned response: <Response [200]>
2021-10-27 03:41:27,484 - instabot version: 0.117.0 (api) - DEBUG - GET to endpoint: users/1690431489/info/ returned response: <Response [200]>
2021-10-27 03:41:28,047 - instabot version: 0.117.0 (api) - DEBUG - GET to endpoint: users/19410587/info/ returned response: <Response [200]>
2021-10-27 03:41:28,609 - instabot version: 0.117.0 (api) - DEBUG - GET to endpoint: users/22514459316/info/ returned response: <Response [200]>
2021-10-27 03:41:29,116 - instabot version: 0.117.0 (api) - DEBUG - GET to endpoint: users/46296484292/info/ returned response: <Response [200]>
2021-10-27 03:41:29,636 - instabot version: 0.117.0 (api) - DEBUG - GET to endpoint: users/245661560/info/ returned response: <Response [200]>
2021-10-27 03:41:30,111 - instabot version: 0.117.0 (api) - DEBUG - GET to endpoint: users/13506898/info/ returned response: <Response [200]>
2021-10-27 03:41:30,628 - instabot version: 0.117.0 (api) - DEBUG - GET to endpoint: users/206034174/info/ returned response: <Response [200]>
2021-10-27 03:41:31,208 - instabot version: 0.117.0 (api) - DEBUG - GET to endpoint: users/539605353/info/ returned response: <Response [200]>
2021-10-27 03:41:31,693 - instabot version: 0.117.0 (api) - DEBUG - GET to endpoint: users/9071437006/info/ returned response: <Response [200]>
2021-10-27 03:41:32,332 - instabot version: 0.117.0 (api) - DEBUG - GET to endpoint: users/226050381/info/ returned response: <Response [200]>
2021-10-27 03:41:32,822 - instabot version: 0.117.0 (api) - DEBUG - GET to endpoint: users/177821694/info/ returned response: <Response [200]>
2021-10-27 03:41:33,336 - instabot version: 0.117.0 (api) - DEBUG - GET to endpoint: users/468531507/info/ returned response: <Response [200]>
2021-10-27 03:41:34,302 - instabot version: 0.117.0 (api) - DEBUG - GET to endpoint: users/25713646/info/ returned response: <Response [200]>
2021-10-27 03:41:34,815 - instabot version: 0.117.0 (api) - DEBUG - GET to endpoint: users/16917874/info/ returned response: <Response [200]>
2021-10-27 03:41:35,793 - instabot version: 0.117.0 (api) - DEBUG - GET to endpoint: users/1555413627/info/ returned response: <Response [200]>
2021-10-27 03:41:36,385 - instabot version: 0.117.0 (api) - DEBUG - GET to endpoint: users/36336859/info/ returned response: <Response [200]>
2021-10-27 03:41:36,976 - instabot version: 0.117.0 (api) - DEBUG - GET to endpoint: users/662463261/info/ returned response: <Response [200]>
2021-10-27 03:41:37,497 - instabot version: 0.117.0 (api) - DEBUG - GET to endpoint: users/29917344197/info/ returned response: <Response [200]>
2021-10-27 03:41:38,125 - instabot version: 0.117.0 (api) - DEBUG - GET to endpoint: users/18846504/info/ returned response: <Response [200]>
2021-10-27 03:41:38,605 - instabot version: 0.117.0 (api) - DEBUG - GET to endpoint: users/266319242/info/ returned response: <Response [200]>
2021-10-27 03:41:39,027 - instabot version: 0.117.0 (api) - DEBUG - GET to endpoint: users/7052274688/info/ returned response: <Response [200]>
2021-10-27 03:41:39,442 - instabot version: 0.117.0 (api) - DEBUG - GET to endpoint: users/20053826/info/ returned response: <Response [200]>
2021-10-27 03:41:39,957 - instabot version: 0.117.0 (api) - DEBUG - GET to endpoint: users/8341907421/info/ returned response: <Response [200]>
2021-10-27 03:41:40,463 - instabot version: 0.117.0 (api) - DEBUG - GET to endpoint: users/1999824/info/ returned response: <Response [200]>
2021-10-27 03:41:40,942 - instabot version: 0.117.0 (api) - DEBUG - GET to endpoint: users/2347040319/info/ returned response: <Response [200]>
2021-10-27 03:41:41,438 - instabot version: 0.117.0 (api) - DEBUG - GET to endpoint: users/1199889538/info/ returned response: <Response [200]>
2021-10-27 03:41:42,022 - instabot version: 0.117.0 (api) - DEBUG - GET to endpoint: users/528517578/info/ returned response: <Response [200]>
2021-10-27 03:41:43,502 - instabot version: 0.117.0 (api) - DEBUG - GET to endpoint: users/288655905/info/ returned response: <Response [200]>
2021-10-27 03:41:44,099 - instabot version: 0.117.0 (api) - DEBUG - GET to endpoint: users/421468021/info/ returned response: <Response [200]>
2021-10-27 03:41:44,606 - instabot version: 0.117.0 (api) - DEBUG - GET to endpoint: users/361836445/info/ returned response: <Response [200]>
2021-10-27 03:41:45,124 - instabot version: 0.117.0 (api) - DEBUG - GET to endpoint: users/38173836/info/ returned response: <Response [200]>
2021-10-27 03:41:45,642 - instabot version: 0.117.0 (api) - DEBUG - GET to endpoint: users/1836159074/info/ returned response: <Response [200]>
2021-10-27 03:41:46,147 - instabot version: 0.117.0 (api) - DEBUG - GET to endpoint: users/1036070071/info/ returned response: <Response [200]>
2021-10-27 03:41:46,640 - instabot version: 0.117.0 (api) - DEBUG - GET to endpoint: users/3681568/info/ returned response: <Response [200]>
2021-10-27 03:41:47,225 - instabot version: 0.117.0 (api) - DEBUG - GET to endpoint: users/575655467/info/ returned response: <Response [200]>
2021-10-27 03:41:47,705 - instabot version: 0.117.0 (api) - DEBUG - GET to endpoint: users/308990760/info/ returned response: <Response [200]>
2021-10-27 03:41:48,399 - instabot version: 0.117.0 (api) - DEBUG - GET to endpoint: users/1254997058/info/ returned response: <Response [200]>
2021-10-27 03:41:49,363 - instabot version: 0.117.0 (api) - DEBUG - GET to endpoint: users/22832340/info/ returned response: <Response [200]>
2021-10-27 03:41:49,931 - instabot version: 0.117.0 (api) - DEBUG - GET to endpoint: users/1908583548/info/ returned response: <Response [200]>
2021-10-27 03:41:50,429 - instabot version: 0.117.0 (api) - DEBUG - GET to endpoint: users/44758750332/info/ returned response: <Response [200]>
2021-10-27 03:41:50,932 - instabot version: 0.117.0 (api) - DEBUG - GET to endpoint: users/331995570/info/ returned response: <Response [200]>
2021-10-27 03:41:51,407 - instabot version: 0.117.0 (api) - DEBUG - GET to endpoint: users/1363035707/info/ returned response: <Response [200]>
2021-10-27 03:41:51,946 - instabot version: 0.117.0 (api) - DEBUG - GET to endpoint: users/3245260986/info/ returned response: <Response [200]>
2021-10-27 03:41:52,546 - instabot version: 0.117.0 (api) - DEBUG - GET to endpoint: users/5771429276/info/ returned response: <Response [200]>
2021-10-27 03:41:53,002 - instabot version: 0.117.0 (api) - DEBUG - GET to endpoint: users/13864937/info/ returned response: <Response [200]>
2021-10-27 03:41:53,512 - instabot version: 0.117.0 (api) - DEBUG - GET to endpoint: users/8753458150/info/ returned response: <Response [200]>
2021-10-27 03:41:54,014 - instabot version: 0.117.0 (api) - DEBUG - GET to endpoint: users/428389256/info/ returned response: <Response [200]>
2021-10-27 03:41:54,529 - instabot version: 0.117.0 (api) - DEBUG - GET to endpoint: users/4171510890/info/ returned response: <Response [200]>
2021-10-27 03:41:54,972 - instabot version: 0.117.0 (api) - DEBUG - GET to endpoint: users/271229086/info/ returned response: <Response [200]>
2021-10-27 03:41:55,480 - instabot version: 0.117.0 (api) - DEBUG - GET to endpoint: users/21823686/info/ returned response: <Response [200]>
2021-10-27 03:41:56,041 - instabot version: 0.117.0 (api) - DEBUG - GET to endpoint: users/196521168/info/ returned response: <Response [200]>
2021-10-27 03:41:56,567 - instabot version: 0.117.0 (api) - DEBUG - GET to endpoint: users/30440277/info/ returned response: <Response [200]>
2021-10-27 03:41:57,068 - instabot version: 0.117.0 (api) - DEBUG - GET to endpoint: users/365866074/info/ returned response: <Response [200]>
2021-10-27 03:41:57,653 - instabot version: 0.117.0 (api) - DEBUG - GET to endpoint: users/2299559002/info/ returned response: <Response [200]>
2021-10-27 03:41:58,173 - instabot version: 0.117.0 (api) - DEBUG - GET to endpoint: users/444800861/info/ returned response: <Response [200]>
2021-10-27 03:41:58,653 - instabot version: 0.117.0 (api) - DEBUG - GET to endpoint: users/660723404/info/ returned response: <Response [200]>
2021-10-27 03:41:59,164 - instabot version: 0.117.0 (api) - DEBUG - GET to endpoint: users/226910773/info/ returned response: <Response [200]>
2021-10-27 03:41:59,698 - instabot version: 0.117.0 (api) - DEBUG - GET to endpoint: users/1756890536/info/ returned response: <Response [200]>
2021-10-27 03:42:00,118 - instabot version: 0.117.0 (api) - DEBUG - GET to endpoint: users/1195595796/info/ returned response: <Response [200]>
2021-10-27 03:42:00,620 - instabot version: 0.117.0 (api) - DEBUG - GET to endpoint: users/16516077/info/ returned response: <Response [200]>
2021-10-27 03:42:01,264 - instabot version: 0.117.0 (api) - DEBUG - GET to endpoint: users/27469928/info/ returned response: <Response [200]>
2021-10-27 03:42:01,807 - instabot version: 0.117.0 (api) - DEBUG - GET to endpoint: users/566511898/info/ returned response: <Response [200]>
2021-10-27 03:42:02,405 - instabot version: 0.117.0 (api) - DEBUG - GET to endpoint: users/44726469527/info/ returned response: <Response [200]>
2021-10-27 03:42:02,964 - instabot version: 0.117.0 (api) - DEBUG - GET to endpoint: users/31770266839/info/ returned response: <Response [200]>
2021-10-27 03:42:03,498 - instabot version: 0.117.0 (api) - DEBUG - GET to endpoint: users/12043476/info/ returned response: <Response [200]>
2021-10-27 03:42:04,036 - instabot version: 0.117.0 (api) - DEBUG - GET to endpoint: users/16121394/info/ returned response: <Response [200]>
2021-10-27 03:42:04,573 - instabot version: 0.117.0 (api) - DEBUG - GET to endpoint: users/18153645/info/ returned response: <Response [200]>
2021-10-27 03:42:05,063 - instabot version: 0.117.0 (api) - DEBUG - GET to endpoint: users/2286995448/info/ returned response: <Response [200]>
2021-10-27 03:42:05,993 - instabot version: 0.117.0 (api) - DEBUG - GET to endpoint: users/1102055088/info/ returned response: <Response [200]>
2021-10-27 03:42:06,816 - instabot version: 0.117.0 (api) - DEBUG - GET to endpoint: users/188556167/info/ returned response: <Response [200]>
2021-10-27 03:42:07,762 - instabot version: 0.117.0 (api) - DEBUG - GET to endpoint: users/8961444/info/ returned response: <Response [200]>
2021-10-27 03:42:08,590 - instabot version: 0.117.0 (api) - DEBUG - GET to endpoint: users/1071350184/info/ returned response: <Response [200]>
2021-10-27 03:42:09,327 - instabot version: 0.117.0 (api) - DEBUG - GET to endpoint: users/1024769182/info/ returned response: <Response [200]>
2021-10-27 03:42:10,025 - instabot version: 0.117.0 (api) - DEBUG - GET to endpoint: users/8077122713/info/ returned response: <Response [200]>
2021-10-27 03:42:10,880 - instabot version: 0.117.0 (api) - DEBUG - GET to endpoint: users/505182045/info/ returned response: <Response [200]>
2021-10-27 03:42:11,661 - instabot version: 0.117.0 (api) - DEBUG - GET to endpoint: users/23613805/info/ returned response: <Response [200]>
2021-10-27 03:42:12,444 - instabot version: 0.117.0 (api) - DEBUG - GET to endpoint: users/206359013/info/ returned response: <Response [200]>
2021-10-27 03:42:13,351 - instabot version: 0.117.0 (api) - DEBUG - GET to endpoint: users/1485011963/info/ returned response: <Response [200]>
2021-10-27 03:42:14,121 - instabot version: 0.117.0 (api) - DEBUG - GET to endpoint: users/268075649/info/ returned response: <Response [200]>
2021-10-27 03:42:14,894 - instabot version: 0.117.0 (api) - DEBUG - GET to endpoint: users/243201857/info/ returned response: <Response [200]>
2021-10-27 03:42:15,701 - instabot version: 0.117.0 (api) - DEBUG - GET to endpoint: users/176449574/info/ returned response: <Response [200]>
2021-10-27 03:42:16,536 - instabot version: 0.117.0 (api) - DEBUG - GET to endpoint: users/1714318653/info/ returned response: <Response [200]>
2021-10-27 03:42:17,340 - instabot version: 0.117.0 (api) - DEBUG - GET to endpoint: users/4505204506/info/ returned response: <Response [200]>
2021-10-27 03:42:18,355 - instabot version: 0.117.0 (api) - DEBUG - GET to endpoint: users/301763305/info/ returned response: <Response [200]>
2021-10-27 03:42:19,168 - instabot version: 0.117.0 (api) - DEBUG - GET to endpoint: users/31829302706/info/ returned response: <Response [200]>
2021-10-27 03:42:20,004 - instabot version: 0.117.0 (api) - DEBUG - GET to endpoint: users/918028867/info/ returned response: <Response [200]>
2021-10-27 03:42:20,961 - instabot version: 0.117.0 (api) - DEBUG - GET to endpoint: users/6979137870/info/ returned response: <Response [200]>
2021-10-27 03:42:21,777 - instabot version: 0.117.0 (api) - DEBUG - GET to endpoint: users/299948467/info/ returned response: <Response [200]>
2021-10-27 03:42:22,522 - instabot version: 0.117.0 (api) - DEBUG - GET to endpoint: users/1120119550/info/ returned response: <Response [200]>
2021-10-27 03:42:23,663 - instabot version: 0.117.0 (api) - DEBUG - GET to endpoint: users/242909552/info/ returned response: <Response [200]>
2021-10-27 03:42:24,570 - instabot version: 0.117.0 (api) - DEBUG - GET to endpoint: users/5972845478/info/ returned response: <Response [200]>
2021-10-27 03:42:25,777 - instabot version: 0.117.0 (api) - DEBUG - GET to endpoint: users/3603198088/info/ returned response: <Response [200]>
2021-10-27 03:42:26,549 - instabot version: 0.117.0 (api) - DEBUG - GET to endpoint: users/4012707863/info/ returned response: <Response [200]>
2021-10-27 03:42:27,584 - instabot version: 0.117.0 (api) - DEBUG - GET to endpoint: users/12868464876/info/ returned response: <Response [200]>
2021-10-27 03:42:28,104 - instabot version: 0.117.0 (api) - DEBUG - GET to endpoint: users/47825836597/info/ returned response: <Response [200]>
2021-10-27 03:42:28,925 - instabot version: 0.117.0 (api) - DEBUG - GET to endpoint: users/6661024028/info/ returned response: <Response [200]>
2021-10-27 03:42:29,163 - instabot version: 0.117.0 (bot_checkpoint) - DEBUG - Saving Checkpoint file to: C:\sid_programmer\PYTHON\All_projects\text_analysis/config/avi.ral27.checkpoint
2021-10-27 03:42:29,164 - instabot version: 0.117.0 (bot) - INFO - Total requests: 538
